2022-04-25T09:09:32.364Z - normal: Load ~/.CocosCreator/settings.json
2022-04-25T09:09:32.409Z - normal: Initializing Asset Database
2022-04-25T09:09:32.411Z - normal: checking language setting...
2022-04-25T09:09:32.411Z - normal: Language: en
2022-04-25T09:09:33.033Z - success: preview server running at http://localhost:7456
2022-04-25T09:09:33.041Z - success: protocol editor-framework registered
2022-04-25T09:09:33.041Z - success: protocol app registered
2022-04-25T09:09:33.041Z - success: protocol theme registered
2022-04-25T09:09:33.041Z - success: protocol packages registered
2022-04-25T09:09:33.041Z - success: protocol uuid registerred
2022-04-25T09:09:33.041Z - success: protocol db registerred
2022-04-25T09:09:33.041Z - success: protocol thumbnail registerred
2022-04-25T09:09:33.042Z - success: protocol unpack registerred
2022-04-25T09:09:33.042Z - success: protocol disable-commonjs registerred
2022-04-25T09:09:34.261Z - normal: connected!
2022-04-25T09:09:34.262Z - normal: Check project /Users/fe-minhthao/Desktop/test
2022-04-25T09:09:34.264Z - normal: Initializing project /Users/fe-minhthao/Desktop/test
2022-04-25T09:09:34.553Z - normal: Initializing Cocos2d
2022-04-25T09:09:35.172Z - normal: Initializing engine extends
2022-04-25T09:09:35.189Z - success: alipay-adapter loaded
2022-04-25T09:09:35.198Z - success: asset-db-debugger loaded
2022-04-25T09:09:35.203Z - success: baidu-adapter loaded
2022-04-25T09:09:35.206Z - success: color-picker loaded
2022-04-25T09:09:35.340Z - success: fb-audience-network loaded
2022-04-25T09:09:35.395Z - success: fb-live-stream loaded
2022-04-25T09:09:35.399Z - success: google-play-instant loaded
2022-04-25T09:09:35.405Z - success: huawei-runtime loaded
2022-04-25T09:09:35.592Z - success: cpk-publish loaded
2022-04-25T09:09:35.593Z - success: jsb-adapter loaded
2022-04-25T09:09:35.600Z - success: oppo-runtime loaded
2022-04-25T09:09:35.605Z - success: package-manager loaded
2022-04-25T09:09:35.725Z - success: qqplay-adapter loaded
2022-04-25T09:09:35.728Z - success: runtime-dev-tools loaded
2022-04-25T09:09:35.735Z - success: sdkbox loaded
2022-04-25T09:09:35.739Z - success: tester loaded
2022-04-25T09:09:35.742Z - success: ui-kit-preview-extra loaded
2022-04-25T09:09:35.746Z - success: ui-kit-preview loaded
2022-04-25T09:09:35.749Z - success: ui-kit loaded
2022-04-25T09:09:35.755Z - success: vivo-runtime loaded
2022-04-25T09:09:35.757Z - success: weapp-adapter loaded
2022-04-25T09:09:35.760Z - success: xiaomi-adapter loaded
2022-04-25T09:09:35.762Z - success: alipay-minigame loaded
2022-04-25T09:09:35.799Z - success: assets loaded
2022-04-25T09:09:35.801Z - success: builder loaded
2022-04-25T09:09:35.975Z - success: cocos-services loaded
2022-04-25T09:09:35.979Z - success: console loaded
2022-04-25T09:09:36.006Z - success: fb-instant-games loaded
2022-04-25T09:09:36.009Z - success: game-window loaded
2022-04-25T09:09:36.011Z - success: google-instant-games loaded
2022-04-25T09:09:36.015Z - success: hierarchy loaded
2022-04-25T09:09:36.018Z - success: inspector loaded
2022-04-25T09:09:36.019Z - success: keystore loaded
2022-04-25T09:09:36.024Z - success: node-library loaded
2022-04-25T09:09:36.025Z - success: package-asset loaded
2022-04-25T09:09:36.027Z - success: preferences loaded
2022-04-25T09:09:36.029Z - success: project-exporter loaded
2022-04-25T09:09:36.033Z - success: project-importer loaded
2022-04-25T09:09:36.035Z - success: project-settings loaded
2022-04-25T09:09:36.039Z - success: scene loaded
2022-04-25T09:09:36.039Z - success: simulator-debugger loaded
2022-04-25T09:09:36.041Z - success: sprite-editor loaded
2022-04-25T09:09:36.044Z - success: store loaded
2022-04-25T09:09:36.050Z - success: timeline loaded
2022-04-25T09:09:36.054Z - success: xiaomi-runtime loaded
2022-04-25T09:09:39.712Z - normal: Loading packages
2022-04-25T09:09:39.718Z - normal: Watching packages
2022-04-25T09:09:39.788Z - normal: Run Application
2022-04-25T09:09:42.455Z - info: Cocos Services load base data!
2022-04-25T09:34:40.698Z - warn: The Node referenced by component "cc.Button" is invalid. Detailed information:
Node path: "Canvas/PlayButton"

2022-04-25T10:03:30.963Z - failed: [db-task][sync-changes] Failed to import asset /Users/fe-minhthao/Desktop/test/assets/scripts/GameController.js, message: Compile error: SyntaxError: /Users/fe-minhthao/Desktop/test/assets/scripts/GameController.js: Unexpected token (75:12)
  73 |             cc.callFunc(()=>{
  74 |                 this.fadeInAnim(),
> 75 |             }),
     |             ^
  76 |             cc.delayTime(1),
  77 |             cc.callFunc(() => {
  78 |                 this.setUpPositionSquares();
    at Parser.pp$5.raise (/Applications/CocosCreator.app/Contents/Resources/app.asar/node_modules/babylon/lib/index.js:4454:13)
    at Parser.pp.unexpected (/Applications/CocosCreator.app/Contents/Resources/app.asar/node_modules/babylon/lib/index.js:1761:8)
    at Parser.pp$3.parseExprAtom (/Applications/CocosCreator.app/Contents/Resources/app.asar/node_modules/babylon/lib/index.js:3750:12)
    at Parser.pp$3.parseExprSubscripts (/Applications/CocosCreator.app/Contents/Resources/app.asar/node_modules/babylon/lib/index.js:3494:19)
    at Parser.pp$3.parseMaybeUnary (/Applications/CocosCreator.app/Contents/Resources/app.asar/node_modules/babylon/lib/index.js:3474:19)
    at Parser.pp$3.parseExprOps (/Applications/CocosCreator.app/Contents/Resources/app.asar/node_modules/babylon/lib/index.js:3404:19)
    at Parser.pp$3.parseMaybeConditional (/Applications/CocosCreator.app/Contents/Resources/app.asar/node_modules/babylon/lib/index.js:3381:19)
    at Parser.pp$3.parseMaybeAssign (/Applications/CocosCreator.app/Contents/Resources/app.asar/node_modules/babylon/lib/index.js:3344:19)
    at Parser.pp$3.parseExpression (/Applications/CocosCreator.app/Contents/Resources/app.asar/node_modules/babylon/lib/index.js:3311:34)
    at Parser.pp$1.parseStatement (/Applications/CocosCreator.app/Contents/Resources/app.asar/node_modules/babylon/lib/index.js:1906:19)
2022-04-25T10:37:27.603Z - warn: Script attached to "Square" in prefab "Square.prefab" is missing or invalid. Detailed information:
Node path: "Square"
Asset url: "db://assets/prefabs/Square.prefab"
Script UUID: "bde07847-dfa9-450f-b35c-236582944a41"
Class ID: "bde07hH36lFD7NcI2WClEpB"

2022-04-25T10:39:24.346Z - failed: load script [GameController] failed : Error: Cannot find module 'GameController'
    at Module._resolveFilename (module.js:470:15)
    at Function.Module._resolveFilename [as _resolveFilenameVendor] (/Applications/CocosCreator.app/Contents/Resources/electron.asar/common/reset-search-paths.js:35:12)
    at Function.s._resolveFilename (/Applications/CocosCreator.app/Contents/Resources/app.asar/editor/page/project-scripts.js:1:941)
    at Function.Module._load (module.js:418:25)
    at Module.require (module.js:498:17)
    at require (internal/module.js:20:19)
    at Object.cc.require (/Applications/CocosCreator.app/Contents/Resources/app.asar/editor/page/project-scripts.js:1:589)
    at /Users/fe-minhthao/Desktop/test/temp/quick-scripts/assets/scripts/Square.js:1:349
    at __define (/Users/fe-minhthao/Desktop/test/temp/quick-scripts/assets/scripts/Square.js:20:25)
    at /Users/fe-minhthao/Desktop/test/temp/quick-scripts/assets/scripts/Square.js:121:13
2022-04-25T10:42:06.171Z - failed: load script [GameController] failed : Error: Cannot find module 'GameController'
    at Module._resolveFilename (module.js:470:15)
    at Function.Module._resolveFilename [as _resolveFilenameVendor] (/Applications/CocosCreator.app/Contents/Resources/electron.asar/common/reset-search-paths.js:35:12)
    at Function.s._resolveFilename (/Applications/CocosCreator.app/Contents/Resources/app.asar/editor/page/project-scripts.js:1:941)
    at Function.Module._load (module.js:418:25)
    at Module.require (module.js:498:17)
    at require (internal/module.js:20:19)
    at Object.cc.require (/Applications/CocosCreator.app/Contents/Resources/app.asar/editor/page/project-scripts.js:1:589)
    at /Users/fe-minhthao/Desktop/test/temp/quick-scripts/assets/scripts/Square.js:1:349
    at __define (/Users/fe-minhthao/Desktop/test/temp/quick-scripts/assets/scripts/Square.js:20:25)
    at /Users/fe-minhthao/Desktop/test/temp/quick-scripts/assets/scripts/Square.js:121:13
2022-04-25T11:37:06.401Z - info: Only the prefab node "Square" and its child nodes are saved.
2022-04-25T11:37:46.628Z - error: getComponent: Type must be non-nil
    at Object.cc.errorID (/Applications/CocosCreator.app/Contents/Resources/engine/bin/.cache/dev/cocos2d/core/CCDebug.js:167:16)
    at getConstructor (/Applications/CocosCreator.app/Contents/Resources/engine/bin/.cache/dev/cocos2d/core/utils/base-node.js:29:20)
    at cc_Node.getComponent (/Applications/CocosCreator.app/Contents/Resources/engine/bin/.cache/dev/cocos2d/core/utils/base-node.js:399:35)
    at HTMLElement.query-node-info (/Applications/CocosCreator.app/Contents/Resources/app.asar/editor/builtin/scene/panel/messages/scene-query.js:1:1331)
    at Object.e._dispatch (/Applications/CocosCreator.app/Contents/Resources/app.asar/editor-framework/lib/renderer/panel.js:1:1941)
    at EventEmitter.o.on.s (/Applications/CocosCreator.app/Contents/Resources/app.asar/editor-framework/lib/renderer/ipc.js:1:2921)
    at emitMany (events.js:127:13)
    at EventEmitter.emit (events.js:204:7)
2022-04-25T11:40:43.089Z - info: Only the prefab node "Square" and its child nodes are saved.
2022-04-26T02:46:16.623Z - warn: Script attached to "Square" in prefab "Square.prefab" is missing or invalid. Detailed information:
Node path: "Square"
Asset url: "db://assets/prefabs/Square.prefab"
Script UUID: "bde07847-dfa9-450f-b35c-236582944a41"
Class ID: "bde07hH36lFD7NcI2WClEpB"

2022-04-26T03:54:15.231Z - success: API data generated and copied to /Users/fe-minhthao/Desktop/test/creator.d.ts
2022-04-26T06:35:28.010Z - info: Only the prefab node "Square" and its child nodes are saved.
2022-04-26T07:22:50.581Z - info: Only the prefab node "Square" and its child nodes are saved.
2022-04-26T08:00:09.382Z - normal: Start building with options : {
  "actualPlatform": "web-desktop",
  "android-instant": {
    "REMOTE_SERVER_ROOT": "",
    "host": "",
    "pathPattern": "",
    "recordPath": "",
    "scheme": "https",
    "skipRecord": false
  },
  "apiLevel": "",
  "appABIs": [],
  "appBundle": false,
  "baidugame": {
    "REMOTE_SERVER_ROOT": "",
    "appid": "testappid",
    "orientation": "portrait",
    "subContext": ""
  },
  "buildPath": "/Users/fe-minhthao/Desktop/test/build",
  "debug": false,
  "dest": "/Users/fe-minhthao/Desktop/test/build/web-desktop",
  "embedWebDebugger": false,
  "encryptJs": true,
  "excludeScenes": [],
  "excludedModules": [],
  "fb-instant-games": {},
  "includeSDKBox": false,
  "inlineSpriteFrames": true,
  "inlineSpriteFrames_native": true,
  "md5Cache": false,
  "mergeStartScene": false,
  "optimizeHotUpdate": false,
  "orientation": {
    "landscapeLeft": true,
    "landscapeRight": true,
    "portrait": false,
    "upsideDown": false
  },
  "packageName": "org.cocos2d.NewProject_1",
  "platform": "web-desktop",
  "previewHeight": "720",
  "previewWidth": "1280",
  "qqplay": {
    "REMOTE_SERVER_ROOT": "",
    "orientation": "portrait",
    "zip": false
  },
  "scenes": [
    "d1f87d2f-8735-4873-b8f2-76534c1e90b9"
  ],
  "sourceMaps": false,
  "startScene": "d1f87d2f-8735-4873-b8f2-76534c1e90b9",
  "template": "link",
  "title": "NewProject_1",
  "useDebugKeystore": true,
  "vsVersion": "auto",
  "webOrientation": "auto",
  "wechatgame": {
    "REMOTE_SERVER_ROOT": "",
    "appid": "wx6ac3f5090a6b99c5",
    "orientation": "portrait",
    "separate_engine": false,
    "subContext": ""
  },
  "xxteaKey": "d9f0f560-2a06-41",
  "zipCompressJs": true,
  "project": "/Users/fe-minhthao/Desktop/test",
  "projectName": "NewProject_1",
  "debugBuildWorker": false
}
2022-04-26T08:00:09.386Z - normal: Building /Users/fe-minhthao/Desktop/test
2022-04-26T08:00:09.386Z - normal: Destination /Users/fe-minhthao/Desktop/test/build/web-desktop
2022-04-26T08:00:09.512Z - normal: Delete /Users/fe-minhthao/Desktop/test/build/web-desktop/subpackages/**/*,/Users/fe-minhthao/Desktop/test/build/web-desktop/**/*
2022-04-26T08:00:11.011Z - normal: Start building assets
2022-04-26T08:00:11.011Z - normal: Start spawn build-worker
2022-04-26T08:00:11.508Z - normal: Finish spawn build-worker
2022-04-26T08:00:11.508Z - normal: Start init build-worker
2022-04-26T08:00:13.927Z - normal: Finish init build-worker
2022-04-26T08:00:13.927Z - normal: Start build-assets in worker
2022-04-26T08:00:14.210Z - normal: Finish build-assets in worker
2022-04-26T08:00:14.213Z - normal: Finish building assets
2022-04-26T08:00:14.219Z - normal: Start building plugin scripts
2022-04-26T08:00:14.260Z - normal: Generating main.js from /Applications/CocosCreator.app/Contents/Resources/static/build-templates/shares/main.js
2022-04-26T08:00:14.268Z - normal: Generating html from /Applications/CocosCreator.app/Contents/Resources/static/build-templates/web-desktop/template/index.html
2022-04-26T08:00:14.288Z - normal: Built to "/Users/fe-minhthao/Desktop/test/build/web-desktop" successfully
